<?xml version="1.0" encoding="UTF-8"?>
<testsuites tests="5" failures="0" disabled="0" errors="0" time="0.145" timestamp="2020-07-18T13:17:54" name="AllTests">
  <testsuite name="TestExample" tests="2" failures="0" disabled="0" errors="0" time="0.142" timestamp="2020-07-18T13:17:54">
    <testcase name="SomeTest" status="run" result="completed" time="0" timestamp="2020-07-18T13:17:54" classname="TestExample" />
    <testcase name="GetJsonTest" status="run" result="completed" time="0.141" timestamp="2020-07-18T13:17:54" classname="TestExample" />
  </testsuite>
  <testsuite name="TestNazogengo" tests="3" failures="0" disabled="0" errors="0" time="0.001" timestamp="2020-07-18T13:17:54">
    <testcase name="Parsing" status="run" result="completed" time="0" timestamp="2020-07-18T13:17:54" classname="TestNazogengo" />
    <testcase name="BasicExpression" status="run" result="completed" time="0" timestamp="2020-07-18T13:17:54" classname="TestNazogengo" />
    <testcase name="RValueVariable" status="run" result="completed" time="0" timestamp="2020-07-18T13:17:54" classname="TestNazogengo" />
  </testsuite>
</testsuites>
